{"contracts/Bank.sol":{"l":{"42":15,"46":13,"50":9,"51":8,"55":7,"56":7,"60":6,"62":7,"63":6,"74":36,"75":36,"76":36,"80":4,"82":4,"83":0,"86":4,"89":4,"92":4,"95":4,"107":8,"109":8,"110":0,"112":8,"113":8,"115":8,"123":6,"124":6,"125":6,"126":6,"127":6,"128":6,"131":6,"132":2,"136":6,"137":2,"138":2,"141":6,"142":1,"143":1,"144":1,"147":6,"149":6,"150":6,"151":6,"153":6,"155":6,"157":6,"159":6,"164":6,"165":0,"168":6,"176":4,"180":3,"181":2,"182":1,"185":1,"186":1,"187":1,"188":1,"189":1},"path":"/Users/damilolaedwards/Desktop/predictsea/tracelabs/contracts/Bank.sol","s":{"1":15,"2":9,"3":7,"4":7,"5":6,"6":7,"7":36,"8":36,"9":36,"10":4,"11":4,"12":4,"13":4,"14":4,"15":4,"16":8,"17":8,"18":8,"19":8,"20":8,"21":6,"22":6,"23":6,"24":6,"25":6,"26":6,"27":6,"28":2,"29":6,"30":2,"31":2,"32":6,"33":1,"34":1,"35":1,"36":6,"37":6,"38":6,"39":6,"40":6,"41":6,"42":6,"43":6,"44":6,"45":6,"46":4,"47":3,"48":2,"49":1,"50":1,"51":1,"52":1,"53":1,"54":1},"b":{"1":[13,2],"2":[8,1],"3":[6,1],"4":[6,1],"5":[0,4],"6":[0,8],"7":[6,0],"8":[2,4],"9":[2,4],"10":[1,5],"11":[0,6],"12":[3,1],"13":[2,1],"14":[1,1]},"f":{"1":15,"2":9,"3":7,"4":36,"5":4,"6":8,"7":6,"8":4},"fnMap":{"1":{"name":"depositPeriod","line":41,"loc":{"start":{"line":41,"column":4},"end":{"line":47,"column":4}}},"2":{"name":"moreThanZero","line":49,"loc":{"start":{"line":49,"column":4},"end":{"line":52,"column":4}}},"3":{"name":"withdrawalPeriod","line":54,"loc":{"start":{"line":54,"column":4},"end":{"line":64,"column":4}}},"4":{"name":"constructor","line":73,"loc":{"start":{"line":73,"column":4},"end":{"line":77,"column":4}}},"5":{"name":"depositReward","line":79,"loc":{"start":{"line":79,"column":4},"end":{"line":96,"column":4}}},"6":{"name":"deposit","line":105,"loc":{"start":{"line":102,"column":4},"end":{"line":116,"column":4}}},"7":{"name":"withdraw","line":122,"loc":{"start":{"line":122,"column":4},"end":{"line":169,"column":4}}},"8":{"name":"withdrawReward","line":175,"loc":{"start":{"line":175,"column":4},"end":{"line":190,"column":4}}}},"statementMap":{"1":{"start":{"line":42,"column":8},"end":{"line":42,"column":831}},"2":{"start":{"line":50,"column":8},"end":{"line":50,"column":62}},"3":{"start":{"line":55,"column":8},"end":{"line":55,"column":26}},"4":{"start":{"line":56,"column":8},"end":{"line":56,"column":1157}},"5":{"start":{"line":60,"column":12},"end":{"line":60,"column":25}},"6":{"start":{"line":62,"column":8},"end":{"line":62,"column":49}},"7":{"start":{"line":74,"column":8},"end":{"line":74,"column":37}},"8":{"start":{"line":75,"column":8},"end":{"line":75,"column":22}},"9":{"start":{"line":76,"column":8},"end":{"line":76,"column":30}},"10":{"start":{"line":80,"column":8},"end":{"line":80,"column":79}},"11":{"start":{"line":82,"column":8},"end":{"line":82,"column":1919}},"12":{"start":{"line":86,"column":8},"end":{"line":86,"column":26}},"13":{"start":{"line":89,"column":8},"end":{"line":89,"column":43}},"14":{"start":{"line":92,"column":8},"end":{"line":92,"column":43}},"15":{"start":{"line":95,"column":8},"end":{"line":95,"column":43}},"16":{"start":{"line":107,"column":8},"end":{"line":107,"column":78}},"17":{"start":{"line":109,"column":8},"end":{"line":109,"column":2450}},"18":{"start":{"line":112,"column":8},"end":{"line":112,"column":39}},"19":{"start":{"line":113,"column":8},"end":{"line":113,"column":32}},"20":{"start":{"line":115,"column":8},"end":{"line":115,"column":40}},"21":{"start":{"line":123,"column":8},"end":{"line":123,"column":63}},"22":{"start":{"line":124,"column":8},"end":{"line":124,"column":52}},"23":{"start":{"line":125,"column":8},"end":{"line":125,"column":28}},"24":{"start":{"line":126,"column":8},"end":{"line":126,"column":28}},"25":{"start":{"line":127,"column":8},"end":{"line":127,"column":28}},"26":{"start":{"line":128,"column":8},"end":{"line":128,"column":62}},"27":{"start":{"line":131,"column":8},"end":{"line":131,"column":3056}},"28":{"start":{"line":132,"column":12},"end":{"line":132,"column":76}},"29":{"start":{"line":136,"column":8},"end":{"line":136,"column":3179}},"30":{"start":{"line":137,"column":12},"end":{"line":137,"column":76}},"31":{"start":{"line":138,"column":12},"end":{"line":138,"column":76}},"32":{"start":{"line":141,"column":8},"end":{"line":141,"column":3380}},"33":{"start":{"line":142,"column":12},"end":{"line":142,"column":76}},"34":{"start":{"line":143,"column":12},"end":{"line":143,"column":76}},"35":{"start":{"line":144,"column":12},"end":{"line":144,"column":76}},"36":{"start":{"line":147,"column":8},"end":{"line":147,"column":59}},"37":{"start":{"line":149,"column":8},"end":{"line":149,"column":39}},"38":{"start":{"line":150,"column":8},"end":{"line":150,"column":39}},"39":{"start":{"line":151,"column":8},"end":{"line":151,"column":39}},"40":{"start":{"line":153,"column":8},"end":{"line":153,"column":37}},"41":{"start":{"line":155,"column":8},"end":{"line":155,"column":37}},"42":{"start":{"line":157,"column":8},"end":{"line":157,"column":33}},"43":{"start":{"line":159,"column":8},"end":{"line":159,"column":3959}},"44":{"start":{"line":164,"column":8},"end":{"line":164,"column":4083}},"45":{"start":{"line":168,"column":8},"end":{"line":168,"column":60}},"46":{"start":{"line":176,"column":8},"end":{"line":176,"column":4332}},"47":{"start":{"line":180,"column":8},"end":{"line":180,"column":65}},"48":{"start":{"line":181,"column":8},"end":{"line":181,"column":51}},"49":{"start":{"line":182,"column":8},"end":{"line":182,"column":4602}},"50":{"start":{"line":185,"column":8},"end":{"line":185,"column":24}},"51":{"start":{"line":186,"column":8},"end":{"line":186,"column":24}},"52":{"start":{"line":187,"column":8},"end":{"line":187,"column":24}},"53":{"start":{"line":188,"column":8},"end":{"line":188,"column":20}},"54":{"start":{"line":189,"column":8},"end":{"line":189,"column":50}}},"branchMap":{"1":{"line":42,"type":"if","locations":[{"start":{"line":42,"column":8},"end":{"line":42,"column":8}},{"start":{"line":42,"column":8},"end":{"line":42,"column":8}}]},"2":{"line":50,"type":"if","locations":[{"start":{"line":50,"column":8},"end":{"line":50,"column":8}},{"start":{"line":50,"column":8},"end":{"line":50,"column":8}}]},"3":{"line":56,"type":"if","locations":[{"start":{"line":56,"column":8},"end":{"line":56,"column":8}},{"start":{"line":56,"column":8},"end":{"line":56,"column":8}}]},"4":{"line":62,"type":"if","locations":[{"start":{"line":62,"column":8},"end":{"line":62,"column":8}},{"start":{"line":62,"column":8},"end":{"line":62,"column":8}}]},"5":{"line":82,"type":"if","locations":[{"start":{"line":82,"column":8},"end":{"line":82,"column":8}},{"start":{"line":82,"column":8},"end":{"line":82,"column":8}}]},"6":{"line":109,"type":"if","locations":[{"start":{"line":109,"column":8},"end":{"line":109,"column":8}},{"start":{"line":109,"column":8},"end":{"line":109,"column":8}}]},"7":{"line":123,"type":"if","locations":[{"start":{"line":123,"column":8},"end":{"line":123,"column":8}},{"start":{"line":123,"column":8},"end":{"line":123,"column":8}}]},"8":{"line":131,"type":"if","locations":[{"start":{"line":131,"column":8},"end":{"line":131,"column":8}},{"start":{"line":131,"column":8},"end":{"line":131,"column":8}}]},"9":{"line":136,"type":"if","locations":[{"start":{"line":136,"column":8},"end":{"line":136,"column":8}},{"start":{"line":136,"column":8},"end":{"line":136,"column":8}}]},"10":{"line":141,"type":"if","locations":[{"start":{"line":141,"column":8},"end":{"line":141,"column":8}},{"start":{"line":141,"column":8},"end":{"line":141,"column":8}}]},"11":{"line":164,"type":"if","locations":[{"start":{"line":164,"column":8},"end":{"line":164,"column":8}},{"start":{"line":164,"column":8},"end":{"line":164,"column":8}}]},"12":{"line":176,"type":"if","locations":[{"start":{"line":176,"column":8},"end":{"line":176,"column":8}},{"start":{"line":176,"column":8},"end":{"line":176,"column":8}}]},"13":{"line":180,"type":"if","locations":[{"start":{"line":180,"column":8},"end":{"line":180,"column":8}},{"start":{"line":180,"column":8},"end":{"line":180,"column":8}}]},"14":{"line":181,"type":"if","locations":[{"start":{"line":181,"column":8},"end":{"line":181,"column":8}},{"start":{"line":181,"column":8},"end":{"line":181,"column":8}}]}}},"contracts/XYZToken.sol":{"l":{"12":36},"path":"/Users/damilolaedwards/Desktop/predictsea/tracelabs/contracts/XYZToken.sol","s":{"1":36},"b":{},"f":{"1":36},"fnMap":{"1":{"name":"constructor","line":11,"loc":{"start":{"line":11,"column":4},"end":{"line":13,"column":4}}}},"statementMap":{"1":{"start":{"line":12,"column":8},"end":{"line":12,"column":43}}},"branchMap":{}}}