TN:
SF:/Users/damilolaedwards/Desktop/predictsea/tracelabs/contracts/Bank.sol
FN:41,depositPeriod
FN:49,moreThanZero
FN:54,withdrawalPeriod
FN:73,constructor
FN:79,depositReward
FN:105,deposit
FN:122,withdraw
FN:175,withdrawReward
FNF:8
FNH:8
FNDA:15,depositPeriod
FNDA:9,moreThanZero
FNDA:7,withdrawalPeriod
FNDA:36,constructor
FNDA:4,depositReward
FNDA:8,deposit
FNDA:6,withdraw
FNDA:4,withdrawReward
DA:42,15
DA:46,13
DA:50,9
DA:51,8
DA:55,7
DA:56,7
DA:60,6
DA:62,7
DA:63,6
DA:74,36
DA:75,36
DA:76,36
DA:80,4
DA:82,4
DA:83,0
DA:86,4
DA:89,4
DA:92,4
DA:95,4
DA:107,8
DA:109,8
DA:110,0
DA:112,8
DA:113,8
DA:115,8
DA:123,6
DA:124,6
DA:125,6
DA:126,6
DA:127,6
DA:128,6
DA:131,6
DA:132,2
DA:136,6
DA:137,2
DA:138,2
DA:141,6
DA:142,1
DA:143,1
DA:144,1
DA:147,6
DA:149,6
DA:150,6
DA:151,6
DA:153,6
DA:155,6
DA:157,6
DA:159,6
DA:164,6
DA:165,0
DA:168,6
DA:176,4
DA:180,3
DA:181,2
DA:182,1
DA:185,1
DA:186,1
DA:187,1
DA:188,1
DA:189,1
LF:60
LH:57
BRDA:42,1,0,13
BRDA:42,1,1,2
BRDA:50,2,0,8
BRDA:50,2,1,1
BRDA:56,3,0,6
BRDA:56,3,1,1
BRDA:62,4,0,6
BRDA:62,4,1,1
BRDA:82,5,0,0
BRDA:82,5,1,4
BRDA:109,6,0,0
BRDA:109,6,1,8
BRDA:123,7,0,6
BRDA:123,7,1,0
BRDA:131,8,0,2
BRDA:131,8,1,4
BRDA:136,9,0,2
BRDA:136,9,1,4
BRDA:141,10,0,1
BRDA:141,10,1,5
BRDA:164,11,0,0
BRDA:164,11,1,6
BRDA:176,12,0,3
BRDA:176,12,1,1
BRDA:180,13,0,2
BRDA:180,13,1,1
BRDA:181,14,0,1
BRDA:181,14,1,1
BRF:28
BRH:24
end_of_record
TN:
SF:/Users/damilolaedwards/Desktop/predictsea/tracelabs/contracts/XYZToken.sol
FN:11,constructor
FNF:1
FNH:1
FNDA:36,constructor
DA:12,36
LF:1
LH:1
BRF:0
BRH:0
end_of_record
